<?xml version="1.0" encoding="UTF-8"?>
<testng-results ignored="0" total="1" passed="1" failed="0" skipped="0">
  <reporter-output>
  </reporter-output>
  <suite started-at="2024-04-03T11:30:31Z" name="Default suite" finished-at="2024-04-03T11:30:31Z" duration-ms="22">
    <groups>
    </groups>
    <test started-at="2024-04-03T11:30:31Z" name="Default test" finished-at="2024-04-03T11:30:31Z" duration-ms="22">
      <class name="com.svc.testLayer.ExampleClass">
        <test-method signature="DemoMethod()[pri:0, instance:com.svc.testLayer.ExampleClass@7a67e3c6]" started-at="2024-04-03T17:00:31Z" name="DemoMethod" finished-at="2024-04-03T17:00:31Z" duration-ms="10" status="PASS">
          <reporter-output>
          </reporter-output>
        </test-method> <!-- DemoMethod -->
      </class> <!-- com.svc.testLayer.ExampleClass -->
    </test> <!-- Default test -->
  </suite> <!-- Default suite -->
</testng-results>
